<?xml version="1.0" encoding="UTF-8"?>
<Site BuildName="Win32-mingw32-make"
	BuildStamp="20240625-1449-Experimental"
	Name="LeafEvans"
	Generator="ctest-3.28.2"
	CompilerName="C:/msys64/mingw32/bin/g++.exe"
	CompilerVersion="13.2.0"
	OSName="Windows"
	Hostname="LeafEvans"
	OSRelease=" Personal"
	OSVersion=" (Build 22631)"
	OSPlatform="AMD64"
	Is64Bits="1"
	VendorString="AuthenticAMD"
	VendorID="Advanced Micro Devices"
	FamilyID="15"
	ModelID="0"
	ProcessorCacheSize="64"
	NumberOfLogicalCPU="16"
	NumberOfPhysicalCPU="8"
	TotalVirtualMemory="34113"
	TotalPhysicalMemory="32065"
	LogicalProcessorsPerPhysical="2"
	ProcessorClockFrequency="1996"
	>
	<Testing>
		<StartDateTime>Jun 26 07:32 中国标准时间</StartDateTime>
		<StartTestTime>1719358372</StartTestTime>
		<TestList/>
		<EndDateTime>Jun 26 07:32 中国标准时间</EndDateTime>
		<EndTestTime>1719358372</EndTestTime>
		<ElapsedMinutes>0</ElapsedMinutes>
	</Testing>
</Site>
