<?xml version="1.0" encoding="UTF-8"?>
<Site BuildName="Win32-MSBuild"
	BuildStamp="20241108-0955-Experimental"
	Name="LeafEvans"
	Generator="ctest-3.28.2"
	CompilerName="C:/Program Files (x86)/Microsoft Visual Studio/2022/BuildTools/VC/Tools/MSVC/14.41.34120/bin/Hostx86/x64/cl.exe"
	CompilerVersion="19.41.34123.0"
	OSName="Windows"
	Hostname="LeafEvans"
	OSRelease=" Personal"
	OSVersion=" (Build 22631)"
	OSPlatform="AMD64"
	Is64Bits="1"
	VendorString="AuthenticAMD"
	VendorID="Advanced Micro Devices"
	FamilyID="15"
	ModelID="0"
	ProcessorCacheSize="64"
	NumberOfLogicalCPU="16"
	NumberOfPhysicalCPU="8"
	TotalVirtualMemory="34113"
	TotalPhysicalMemory="32065"
	LogicalProcessorsPerPhysical="2"
	ProcessorClockFrequency="1996"
	>
	<Testing>
		<StartDateTime>Nov 08 21:39 中国标准时间</StartDateTime>
		<StartTestTime>1731073160</StartTestTime>
		<TestList/>
		<EndDateTime>Nov 08 21:39 中国标准时间</EndDateTime>
		<EndTestTime>1731073160</EndTestTime>
		<ElapsedMinutes>0</ElapsedMinutes>
	</Testing>
</Site>
