<?xml version="1.0" encoding="UTF-8"?>
<Site BuildName="Win32-mingw32-make"
	BuildStamp="20240428-1013-Experimental"
	Name="LeafEvans"
	Generator="ctest-3.28.2"
	CompilerName="C:/msys64/clang32/bin/clang++.exe"
	CompilerVersion="17.0.6"
	OSName="Windows"
	Hostname="LeafEvans"
	OSRelease=" Personal"
	OSVersion=" (Build 22631)"
	OSPlatform="AMD64"
	Is64Bits="1"
	VendorString="AuthenticAMD"
	VendorID="Advanced Micro Devices"
	FamilyID="15"
	ModelID="0"
	ProcessorCacheSize="64"
	NumberOfLogicalCPU="16"
	NumberOfPhysicalCPU="8"
	TotalVirtualMemory="34113"
	TotalPhysicalMemory="32065"
	LogicalProcessorsPerPhysical="2"
	ProcessorClockFrequency="1996"
	>
	<Testing>
		<StartDateTime>Apr 28 20:39 中国标准时间</StartDateTime>
		<StartTestTime>1714307973</StartTestTime>
		<TestList/>
		<EndDateTime>Apr 28 20:39 中国标准时间</EndDateTime>
		<EndTestTime>1714307973</EndTestTime>
		<ElapsedMinutes>0</ElapsedMinutes>
	</Testing>
</Site>
